<?xml version="1.0" encoding="UTF-8"?>
<!-- Generated by org.testng.reporters.JUnitXMLReporter -->
<testsuite ignored="5" hostname="GURUKIRAN" failures="1" tests="2" name="Default test(failed)" time="17.068" errors="0" timestamp="17 Mar 2025 05:47:17 GMT">
  <testcase classname="Ecommerce.OnlineShopping.module.ShoppingTest" name="fillReviewTest" time="7.04">
    <failure type="org.openqa.selenium.ElementClickInterceptedException" message="element click intercepted: Element &amp;lt;button name=&amp;quot;submit&amp;quot; class=&amp;quot;btn btn-primary btn-upper&amp;quot;&amp;gt;...&amp;lt;/button&amp;gt; is not clickable at point (1244, 661). Other element would receive the click: &amp;lt;div style=&amp;quot;width: 100%;position: fixed;bottom:0px;background-color:rgb(197, 232, 152, 0.8);display:flex;justify-content:center;z-index: 1000;padding-top:10px&amp;quot;&amp;gt;...&amp;lt;/div&amp;gt;
  (Session info: chrome=134.0.6998.89)
Build info: version: &amp;apos;4.29.0&amp;apos;, revision: &amp;apos;5fc1ec94cb&amp;apos;
System info: os.name: &amp;apos;Windows 11&amp;apos;, os.arch: &amp;apos;amd64&amp;apos;, os.version: &amp;apos;10.0&amp;apos;, java.version: &amp;apos;18.0.2.1&amp;apos;
Driver info: org.openqa.selenium.chrome.ChromeDriver
Command: [db97af178720c1751bf97a18e463e9fc, clickElement {id=f.46E163ECB3C54F6C61E8BFF553305D57.d.9BFF9041501DE56D3E62A3C2F0865CBC.e.177}]
Capabilities {acceptInsecureCerts: false, browserName: chrome, browserVersion: 134.0.6998.89, chrome: {chromedriverVersion: 134.0.6998.88 (7e3d5c978c6d..., userDataDir: C:\Users\Gurup\AppData\Loca...}, fedcm:accounts: true, goog:chromeOptions: {debuggerAddress: localhost:56551}, networkConnectionEnabled: false, pageLoadStrategy: normal, platformName: windows, proxy: Proxy(), se:cdp: ws://localhost:56551/devtoo..., se:cdpVersion: 134.0.6998.89, setWindowRect: true, strictFileInteractability: false, timeouts: {implicit: 0, pageLoad: 300000, script: 30000}, unhandledPromptBehavior: dismiss and notify, webauthn:extension:credBlob: true, webauthn:extension:largeBlob: true, webauthn:extension:minPinLength: true, webauthn:extension:prf: true, webauthn:virtualAuthenticators: true}
Element: [[ChromeDriver: chrome on windows (db97af178720c1751bf97a18e463e9fc)] -&amp;gt; name: submit]
Session ID: db97af178720c1751bf97a18e463e9fc">
      <![CDATA[org.openqa.selenium.ElementClickInterceptedException: element click intercepted: Element <button name="submit" class="btn btn-primary btn-upper">...</button> is not clickable at point (1244, 661). Other element would receive the click: <div style="width: 100%;position: fixed;bottom:0px;background-color:rgb(197, 232, 152, 0.8);display:flex;justify-content:center;z-index: 1000;padding-top:10px">...</div>
  (Session info: chrome=134.0.6998.89)
Build info: version: '4.29.0', revision: '5fc1ec94cb'
System info: os.name: 'Windows 11', os.arch: 'amd64', os.version: '10.0', java.version: '18.0.2.1'
Driver info: org.openqa.selenium.chrome.ChromeDriver
Command: [db97af178720c1751bf97a18e463e9fc, clickElement {id=f.46E163ECB3C54F6C61E8BFF553305D57.d.9BFF9041501DE56D3E62A3C2F0865CBC.e.177}]
Capabilities {acceptInsecureCerts: false, browserName: chrome, browserVersion: 134.0.6998.89, chrome: {chromedriverVersion: 134.0.6998.88 (7e3d5c978c6d..., userDataDir: C:\Users\Gurup\AppData\Loca...}, fedcm:accounts: true, goog:chromeOptions: {debuggerAddress: localhost:56551}, networkConnectionEnabled: false, pageLoadStrategy: normal, platformName: windows, proxy: Proxy(), se:cdp: ws://localhost:56551/devtoo..., se:cdpVersion: 134.0.6998.89, setWindowRect: true, strictFileInteractability: false, timeouts: {implicit: 0, pageLoad: 300000, script: 30000}, unhandledPromptBehavior: dismiss and notify, webauthn:extension:credBlob: true, webauthn:extension:largeBlob: true, webauthn:extension:minPinLength: true, webauthn:extension:prf: true, webauthn:virtualAuthenticators: true}
Element: [[ChromeDriver: chrome on windows (db97af178720c1751bf97a18e463e9fc)] -> name: submit]
Session ID: db97af178720c1751bf97a18e463e9fc
at org.openqa.selenium.remote.ErrorCodec.decode(ErrorCodec.java:167)
at org.openqa.selenium.remote.codec.w3c.W3CHttpResponseCodec.decode(W3CHttpResponseCodec.java:138)
at org.openqa.selenium.remote.codec.w3c.W3CHttpResponseCodec.decode(W3CHttpResponseCodec.java:50)
at org.openqa.selenium.remote.HttpCommandExecutor.execute(HttpCommandExecutor.java:215)
at org.openqa.selenium.remote.service.DriverCommandExecutor.invokeExecute(DriverCommandExecutor.java:216)
at org.openqa.selenium.remote.service.DriverCommandExecutor.execute(DriverCommandExecutor.java:174)
at org.openqa.selenium.remote.RemoteWebDriver.execute(RemoteWebDriver.java:545)
at org.openqa.selenium.remote.RemoteWebElement.execute(RemoteWebElement.java:223)
at org.openqa.selenium.remote.RemoteWebElement.click(RemoteWebElement.java:76)
at org.openqa.selenium.support.pagefactory.internal.LocatingElementHandler.invoke(LocatingElementHandler.java:51)
at jdk.proxy2/jdk.proxy2.$Proxy17.click(Unknown Source)
at Ecommerce.OnlineShopping.module.ShoppingTest.fillReviewTest(ShoppingTest.java:87)
... Removed 28 stack frames]]>
    </failure>
  </testcase> <!-- fillReviewTest -->
  <testcase classname="Ecommerce.OnlineShopping.module.ShoppingTest" name="removeFromWishListTest" time="1.607"/>
  <testcase classname="Ecommerce.OnlineShopping.module.ShoppingTest" name="forgotPasswordInvlidTest" time="0.0">
    <ignored/>
  </testcase> <!-- forgotPasswordInvlidTest -->
  <testcase classname="Ecommerce.OnlineShopping.module.ShoppingTest" name="AddToCartTest" time="0.0">
    <ignored/>
  </testcase> <!-- AddToCartTest -->
  <testcase classname="Ecommerce.OnlineShopping.module.ShoppingTest" name="QuantityVerificationTest" time="0.0">
    <ignored/>
  </testcase> <!-- QuantityVerificationTest -->
  <testcase classname="Ecommerce.OnlineShopping.module.ShoppingTest" name="MyAcountTest" time="0.0">
    <ignored/>
  </testcase> <!-- MyAcountTest -->
  <testcase classname="Ecommerce.OnlineShopping.module.ShoppingTest" name="WishListTest" time="0.0">
    <ignored/>
  </testcase> <!-- WishListTest -->
</testsuite> <!-- Default test(failed) -->
